#-----------------------------------------------------------
# Vivado v2019.1 (64-bit)
# SW Build 2552052 on Fri May 24 14:49:42 MDT 2019
# IP Build 2548770 on Fri May 24 18:01:18 MDT 2019
# Start of session at: Thu May 13 11:05:54 2021
# Process ID: 5624
# Current directory: C:/Users/Primus/Desktop/Schule/Spring2020/CSCE836/Homework/csce_436_clark/design_debugger
# Command line: vivado.exe -gui_launcher_event rodinguilauncherevent11708 C:\Users\Primus\Desktop\Schule\Spring2020\CSCE836\Homework\csce_436_clark\design_debugger\design_debugger.xpr
# Log file: C:/Users/Primus/Desktop/Schule/Spring2020/CSCE836/Homework/csce_436_clark/design_debugger/vivado.log
# Journal file: C:/Users/Primus/Desktop/Schule/Spring2020/CSCE836/Homework/csce_436_clark/design_debugger\vivado.jou
#-----------------------------------------------------------
start_gui
open_project C:/Users/Primus/Desktop/Schule/Spring2020/CSCE836/Homework/csce_436_clark/design_debugger/design_debugger.xpr
INFO: [ProjectBase 1-489] The host OS only allows 260 characters in a normal path. The project is stored in a path with more than 80 characters. If you experience issues with IP, Block Designs, or files not being found, please consider moving the project to a location with a shorter path. Alternately consider using the OS subst command to map part of the path to a drive letter.
Current project path is 'C:/Users/Primus/Desktop/Schule/Spring2020/CSCE836/Homework/csce_436_clark/design_debugger'
Scanning sources...
Finished scanning sources
INFO: [IP_Flow 19-234] Refreshing IP repositories
INFO: [IP_Flow 19-1704] No user IP repositories specified
INFO: [IP_Flow 19-2313] Loaded Vivado IP repository 'C:/Xilinx/Vivado/2019.1/data/ip'.
open_project: Time (s): cpu = 00:00:54 ; elapsed = 00:00:33 . Memory (MB): peak = 850.910 ; gain = 228.406
update_compile_order -fileset sources_1
reset_run synth_1
launch_runs synth_1 -jobs 8
[Thu May 13 12:02:02 2021] Launched synth_1...
Run output will be captured here: C:/Users/Primus/Desktop/Schule/Spring2020/CSCE836/Homework/csce_436_clark/design_debugger/design_debugger.runs/synth_1/runme.log
launch_runs: Time (s): cpu = 00:00:13 ; elapsed = 00:00:30 . Memory (MB): peak = 943.254 ; gain = 29.902
launch_runs impl_1 -to_step write_bitstream -jobs 8
[Thu May 13 12:08:57 2021] Launched impl_1...
Run output will be captured here: C:/Users/Primus/Desktop/Schule/Spring2020/CSCE836/Homework/csce_436_clark/design_debugger/design_debugger.runs/impl_1/runme.log
launch_runs: Time (s): cpu = 00:00:06 ; elapsed = 00:00:29 . Memory (MB): peak = 943.254 ; gain = 0.000
file mkdir C:/Users/Primus/Desktop/Schule/Spring2020/CSCE836/Homework/csce_436_clark/design_debugger/design_debugger.srcs/sources_1/new
close [ open C:/Users/Primus/Desktop/Schule/Spring2020/CSCE836/Homework/csce_436_clark/design_debugger/design_debugger.srcs/sources_1/new/testlab.vhd w ]
add_files C:/Users/Primus/Desktop/Schule/Spring2020/CSCE836/Homework/csce_436_clark/design_debugger/design_debugger.srcs/sources_1/new/testlab.vhd
update_compile_order -fileset sources_1
update_compile_order -fileset sources_1
reset_run synth_1
launch_runs impl_1 -to_step write_bitstream -jobs 8
[Thu May 13 14:45:16 2021] Launched synth_1...
Run output will be captured here: C:/Users/Primus/Desktop/Schule/Spring2020/CSCE836/Homework/csce_436_clark/design_debugger/design_debugger.runs/synth_1/runme.log
[Thu May 13 14:45:16 2021] Launched impl_1...
Run output will be captured here: C:/Users/Primus/Desktop/Schule/Spring2020/CSCE836/Homework/csce_436_clark/design_debugger/design_debugger.runs/impl_1/runme.log
launch_runs: Time (s): cpu = 00:00:06 ; elapsed = 00:00:30 . Memory (MB): peak = 943.254 ; gain = 0.000
export_ip_user_files -of_objects  [get_files C:/Users/Primus/Desktop/Schule/Spring2020/CSCE836/Homework/csce_436_clark/design_debugger/design_debugger.srcs/constrs_1/imports/contraints/nexys_video.xdc] -no_script -reset -force -quiet
remove_files  -fileset constrs_1 C:/Users/Primus/Desktop/Schule/Spring2020/CSCE836/Homework/csce_436_clark/design_debugger/design_debugger.srcs/constrs_1/imports/contraints/nexys_video.xdc
file delete -force C:/Users/Primus/Desktop/Schule/Spring2020/CSCE836/Homework/csce_436_clark/design_debugger/design_debugger.srcs/constrs_1/imports/contraints/nexys_video.xdc
reset_run synth_1
launch_runs impl_1 -to_step write_bitstream -jobs 8
[Thu May 13 15:10:05 2021] Launched synth_1...
Run output will be captured here: C:/Users/Primus/Desktop/Schule/Spring2020/CSCE836/Homework/csce_436_clark/design_debugger/design_debugger.runs/synth_1/runme.log
[Thu May 13 15:10:06 2021] Launched impl_1...
Run output will be captured here: C:/Users/Primus/Desktop/Schule/Spring2020/CSCE836/Homework/csce_436_clark/design_debugger/design_debugger.runs/impl_1/runme.log
launch_runs: Time (s): cpu = 00:00:05 ; elapsed = 00:00:30 . Memory (MB): peak = 943.254 ; gain = 0.000
